<component name="libraryTable">
  <library name="junit5-rt">
    <CLASSES>
      <root url="jar://$APPLICATION_HOME_DIR$/plugins/junit/lib/junit5-rt.jar!/" />
    </CLASSES>
    <JAVADOC />
    <SOURCES />
  </library>
</component>